# JRE version: Java(TM) SE Runtime Environment 18.9 (11.0.21+9) (build 11.0.21+9-LTS-193)
# Java VM: Java HotSpot(TM) 64-Bit Server VM 18.9 (11.0.21+9-LTS-193, mixed mode, tiered, compressed oops, g1 gc, windows-amd64)
Heap:
 garbage-first heap   total 152576K, used 19188K [0x0000000084a00000, 0x0000000100000000)
  region size 1024K, 9 young (9216K), 9 survivors (9216K)
 Metaspace       used 34654K, capacity 35779K, committed 35840K, reserved 1079296K
  class space    used 4571K, capacity 5059K, committed 5120K, reserved 1048576K
GC Heap History (9 events):
Event: 0.883 GC heap before
{Heap before GC invocations=0 (full 0):
 garbage-first heap   total 126976K, used 15360K [0x0000000084a00000, 0x0000000100000000)
  region size 1024K, 14 young (14336K), 0 survivors (0K)
 Metaspace       used 9822K, capacity 10090K, committed 10368K, reserved 1058816K
  class space    used 955K, capacity 1056K, committed 1152K, reserved 1048576K
}
Event: 0.890 GC heap after
{Heap after GC invocations=1 (full 0):
 garbage-first heap   total 126976K, used 5529K [0x0000000084a00000, 0x0000000100000000)
  region size 1024K, 2 young (2048K), 2 survivors (2048K)
 Metaspace       used 9822K, capacity 10090K, committed 10368K, reserved 1058816K
  class space    used 955K, capacity 1056K, committed 1152K, reserved 1048576K
}
Event: 2.828 GC heap before
{Heap before GC invocations=1 (full 0):
 garbage-first heap   total 126976K, used 79257K [0x0000000084a00000, 0x0000000100000000)
  region size 1024K, 74 young (75776K), 2 survivors (2048K)
 Metaspace       used 18640K, capacity 19038K, committed 19328K, reserved 1067008K
  class space    used 2470K, capacity 2637K, committed 2688K, reserved 1048576K
}
Event: 2.840 GC heap after
{Heap after GC invocations=2 (full 0):
 garbage-first heap   total 126976K, used 8585K [0x0000000084a00000, 0x0000000100000000)
  region size 1024K, 5 young (5120K), 5 survivors (5120K)
 Metaspace       used 18640K, capacity 19038K, committed 19328K, reserved 1067008K
  class space    used 2470K, capacity 2637K, committed 2688K, reserved 1048576K
}
Event: 3.149 GC heap before
{Heap before GC invocations=2 (full 0):
 garbage-first heap   total 126976K, used 27017K [0x0000000084a00000, 0x0000000100000000)
  region size 1024K, 24 young (24576K), 5 survivors (5120K)
 Metaspace       used 20706K, capacity 21086K, committed 21248K, reserved 1067008K
  class space    used 2796K, capacity 2957K, committed 3072K, reserved 1048576K
}
Event: 3.160 GC heap after
{Heap after GC invocations=3 (full 0):
 garbage-first heap   total 126976K, used 8779K [0x0000000084a00000, 0x0000000100000000)
  region size 1024K, 6 young (6144K), 6 survivors (6144K)
 Metaspace       used 20706K, capacity 21086K, committed 21248K, reserved 1067008K
  class space    used 2796K, capacity 2957K, committed 3072K, reserved 1048576K
}
Event: 4.465 GC heap before
{Heap before GC invocations=4 (full 0):
 garbage-first heap   total 126976K, used 47691K [0x0000000084a00000, 0x0000000100000000)
  region size 1024K, 44 young (45056K), 6 survivors (6144K)
 Metaspace       used 27567K, capacity 28154K, committed 28288K, reserved 1073152K
  class space    used 3598K, capacity 3843K, committed 3968K, reserved 1048576K
}
Event: 4.489 GC heap after
{Heap after GC invocations=5 (full 0):
 garbage-first heap   total 126976K, used 13056K [0x0000000084a00000, 0x0000000100000000)
  region size 1024K, 6 young (6144K), 6 survivors (6144K)
 Metaspace       used 27567K, capacity 28154K, committed 28288K, reserved 1073152K
  class space    used 3598K, capacity 3843K, committed 3968K, reserved 1048576K
}
Event: 7.880 GC heap before
{Heap before GC invocations=5 (full 0):
 garbage-first heap   total 126976K, used 52992K [0x0000000084a00000, 0x0000000100000000)
  region size 1024K, 46 young (47104K), 6 survivors (6144K)
 Metaspace       used 34654K, capacity 35779K, committed 35840K, reserved 1079296K
  class space    used 4571K, capacity 5059K, committed 5120K, reserved 1048576K
}

